This file contains any messages produced by compilers while
running configure, to aid debugging if configure makes a mistake.

It was created by configure, which was
generated by GNU Autoconf 2.59.  Invocation command line was

  $ ./configure --prefix=/usr/local

## --------- ##
## Platform. ##
## --------- ##

hostname = coredumped
uname -m = i686
uname -r = 2.6.15-26-686
uname -s = Linux
uname -v = #1 SMP PREEMPT Thu Aug 3 03:13:28 UTC 2006

/usr/bin/uname -p = unknown
/bin/uname -X     = unknown

/bin/arch              = i686
/usr/bin/arch -k       = unknown
/usr/convex/getsysinfo = unknown
hostinfo               = unknown
/bin/machine           = unknown
/usr/bin/oslevel       = unknown
/bin/universe          = unknown

PATH: /usr/local/sbin
PATH: /usr/local/bin
PATH: /usr/sbin
PATH: /usr/bin
PATH: /sbin
PATH: /bin
PATH: /usr/bin/X11
PATH: /usr/games
PATH: /opt/insure/bin.linux2
PATH: /opt/insure/bin.linux2


## ----------- ##
## Core tests. ##
## ----------- ##

configure:1587: checking for a BSD-compatible install
configure:1642: result: /usr/bin/install -c
configure:1653: checking whether build environment is sane
configure:1696: result: yes
configure:1711: checking whether make sets $(MAKE)
configure:1731: result: yes
configure:1754: checking for working aclocal-1.4
configure:1761: result: found
configure:1769: checking for working autoconf
configure:1776: result: found
configure:1784: checking for working automake-1.4
configure:1791: result: found
configure:1799: checking for working autoheader
configure:1806: result: found
configure:1814: checking for working makeinfo
configure:1825: result: missing
configure:1878: checking for gcc
configure:1894: found /usr/bin/gcc
configure:1904: result: gcc
configure:2148: checking for C compiler version
configure:2151: gcc --version </dev/null >&5
gcc (GCC) 4.0.3 (Ubuntu 4.0.3-1ubuntu5)
Copyright (C) 2006 Free Software Foundation, Inc.
This is free software; see the source for copying conditions.  There is NO
warranty; not even for MERCHANTABILITY or FITNESS FOR A PARTICULAR PURPOSE.

configure:2154: $? = 0
configure:2156: gcc -v </dev/null >&5
Using built-in specs.
Target: i486-linux-gnu
Configured with: ../src/configure -v --enable-languages=c,c++,java,f95,objc,ada,treelang --prefix=/usr --enable-shared --with-system-zlib --libexecdir=/usr/lib --without-included-gettext --enable-threads=posix --enable-nls --program-suffix=-4.0 --enable-__cxa_atexit --enable-clocale=gnu --enable-libstdcxx-debug --enable-java-awt=gtk-default --enable-gtk-cairo --with-java-home=/usr/lib/jvm/java-1.4.2-gcj-4.0-1.4.2.0/jre --enable-mpfr --disable-werror --with-tune=pentium4 --enable-checking=release i486-linux-gnu
Thread model: posix
gcc version 4.0.3 (Ubuntu 4.0.3-1ubuntu5)
configure:2159: $? = 0
configure:2161: gcc -V </dev/null >&5
gcc: '-V' option must have argument
configure:2164: $? = 1
configure:2187: checking for C compiler default output file name
configure:2190: gcc -gstabs+   conftest.c  >&5
configure:2193: $? = 0
configure:2239: result: a.out
configure:2244: checking whether the C compiler works
configure:2250: ./a.out
configure:2253: $? = 0
configure:2270: result: yes
configure:2277: checking whether we are cross compiling
configure:2279: result: no
configure:2282: checking for suffix of executables
configure:2284: gcc -o conftest -gstabs+   conftest.c  >&5
configure:2287: $? = 0
configure:2312: result: 
configure:2318: checking for suffix of object files
configure:2339: gcc -c -gstabs+  conftest.c >&5
configure:2342: $? = 0
configure:2364: result: o
configure:2368: checking whether we are using the GNU C compiler
configure:2392: gcc -c -gstabs+  conftest.c >&5
configure:2398: $? = 0
configure:2401: test -z 			 || test ! -s conftest.err
configure:2404: $? = 0
configure:2407: test -s conftest.o
configure:2410: $? = 0
configure:2423: result: yes
configure:2429: checking whether gcc accepts -g
configure:2450: gcc -c -g  conftest.c >&5
configure:2456: $? = 0
configure:2459: test -z 			 || test ! -s conftest.err
configure:2462: $? = 0
configure:2465: test -s conftest.o
configure:2468: $? = 0
configure:2479: result: yes
configure:2496: checking for gcc option to accept ANSI C
configure:2566: gcc  -c -gstabs+  conftest.c >&5
configure:2572: $? = 0
configure:2575: test -z 			 || test ! -s conftest.err
configure:2578: $? = 0
configure:2581: test -s conftest.o
configure:2584: $? = 0
configure:2602: result: none needed
configure:2620: gcc -c -gstabs+  conftest.c >&5
conftest.c:2: error: syntax error before 'me'
configure:2626: $? = 1
configure: failed program was:
| #ifndef __cplusplus
|   choke me
| #endif
configure:2808: checking for g++
configure:2824: found /usr/bin/g++
configure:2834: result: g++
configure:2850: checking for C++ compiler version
configure:2853: g++ --version </dev/null >&5
g++ (GCC) 4.0.3 (Ubuntu 4.0.3-1ubuntu5)
Copyright (C) 2006 Free Software Foundation, Inc.
This is free software; see the source for copying conditions.  There is NO
warranty; not even for MERCHANTABILITY or FITNESS FOR A PARTICULAR PURPOSE.

configure:2856: $? = 0
configure:2858: g++ -v </dev/null >&5
Using built-in specs.
Target: i486-linux-gnu
Configured with: ../src/configure -v --enable-languages=c,c++,java,f95,objc,ada,treelang --prefix=/usr --enable-shared --with-system-zlib --libexecdir=/usr/lib --without-included-gettext --enable-threads=posix --enable-nls --program-suffix=-4.0 --enable-__cxa_atexit --enable-clocale=gnu --enable-libstdcxx-debug --enable-java-awt=gtk-default --enable-gtk-cairo --with-java-home=/usr/lib/jvm/java-1.4.2-gcj-4.0-1.4.2.0/jre --enable-mpfr --disable-werror --with-tune=pentium4 --enable-checking=release i486-linux-gnu
Thread model: posix
gcc version 4.0.3 (Ubuntu 4.0.3-1ubuntu5)
configure:2861: $? = 0
configure:2863: g++ -V </dev/null >&5
g++: '-V' option must have argument
configure:2866: $? = 1
configure:2869: checking whether we are using the GNU C++ compiler
configure:2893: g++ -c -gstabs+  conftest.cc >&5
configure:2899: $? = 0
configure:2902: test -z 			 || test ! -s conftest.err
configure:2905: $? = 0
configure:2908: test -s conftest.o
configure:2911: $? = 0
configure:2924: result: yes
configure:2930: checking whether g++ accepts -g
configure:2951: g++ -c -g  conftest.cc >&5
configure:2957: $? = 0
configure:2960: test -z 			 || test ! -s conftest.err
configure:2963: $? = 0
configure:2966: test -s conftest.o
configure:2969: $? = 0
configure:2980: result: yes
configure:3022: g++ -c -gstabs+  conftest.cc >&5
configure:3028: $? = 0
configure:3031: test -z 			 || test ! -s conftest.err
configure:3034: $? = 0
configure:3037: test -s conftest.o
configure:3040: $? = 0
configure:3066: g++ -c -gstabs+  conftest.cc >&5
conftest.cc: In function 'int main()':
conftest.cc:13: error: 'exit' was not declared in this scope
configure:3072: $? = 1
configure: failed program was:
| /* confdefs.h.  */
| 
| #define PACKAGE_NAME ""
| #define PACKAGE_TARNAME ""
| #define PACKAGE_VERSION ""
| #define PACKAGE_STRING ""
| #define PACKAGE_BUGREPORT ""
| /* end confdefs.h.  */
| 
| int
| main ()
| {
| exit (42);
|   ;
|   return 0;
| }
configure:3022: g++ -c -gstabs+  conftest.cc >&5
configure:3028: $? = 0
configure:3031: test -z 			 || test ! -s conftest.err
configure:3034: $? = 0
configure:3037: test -s conftest.o
configure:3040: $? = 0
configure:3066: g++ -c -gstabs+  conftest.cc >&5
configure:3072: $? = 0
configure:3075: test -z 			 || test ! -s conftest.err
configure:3078: $? = 0
configure:3081: test -s conftest.o
configure:3084: $? = 0
configure:3187: checking build system type
configure:3205: result: i686-pc-linux-gnu
configure:3213: checking host system type
configure:3227: result: i686-pc-linux-gnu
configure:3235: checking for a sed that does not truncate output
configure:3289: result: /bin/sed
configure:3292: checking for egrep
configure:3302: result: grep -E
configure:3318: checking for ld used by gcc
configure:3385: result: /usr/bin/ld
configure:3394: checking if the linker (/usr/bin/ld) is GNU ld
configure:3409: result: yes
configure:3414: checking for /usr/bin/ld option to reload object files
configure:3421: result: -r
configure:3430: checking for BSD-compatible nm
configure:3472: result: /usr/bin/nm -B
configure:3476: checking whether ln -s works
configure:3480: result: yes
configure:3487: checking how to recognise dependent libraries
configure:3661: result: pass_all
configure:3874: checking how to run the C preprocessor
configure:3909: gcc -E  conftest.c
configure:3915: $? = 0
configure:3947: gcc -E  conftest.c
conftest.c:12:28: error: ac_nonexistent.h: No such file or directory
configure:3953: $? = 1
configure: failed program was:
| /* confdefs.h.  */
| 
| #define PACKAGE_NAME ""
| #define PACKAGE_TARNAME ""
| #define PACKAGE_VERSION ""
| #define PACKAGE_STRING ""
| #define PACKAGE_BUGREPORT ""
| #ifdef __cplusplus
| extern "C" void std::exit (int) throw (); using std::exit;
| #endif
| /* end confdefs.h.  */
| #include <ac_nonexistent.h>
configure:3992: result: gcc -E
configure:4016: gcc -E  conftest.c
configure:4022: $? = 0
configure:4054: gcc -E  conftest.c
conftest.c:12:28: error: ac_nonexistent.h: No such file or directory
configure:4060: $? = 1
configure: failed program was:
| /* confdefs.h.  */
| 
| #define PACKAGE_NAME ""
| #define PACKAGE_TARNAME ""
| #define PACKAGE_VERSION ""
| #define PACKAGE_STRING ""
| #define PACKAGE_BUGREPORT ""
| #ifdef __cplusplus
| extern "C" void std::exit (int) throw (); using std::exit;
| #endif
| /* end confdefs.h.  */
| #include <ac_nonexistent.h>
configure:4104: checking for ANSI C header files
configure:4129: gcc -c -gstabs+  conftest.c >&5
configure:4135: $? = 0
configure:4138: test -z 			 || test ! -s conftest.err
configure:4141: $? = 0
configure:4144: test -s conftest.o
configure:4147: $? = 0
configure:4236: gcc -o conftest -gstabs+   conftest.c  >&5
conftest.c: In function 'main':
conftest.c:29: warning: incompatible implicit declaration of built-in function 'exit'
configure:4239: $? = 0
configure:4241: ./conftest
configure:4244: $? = 0
configure:4259: result: yes
configure:4283: checking for sys/types.h
configure:4299: gcc -c -gstabs+  conftest.c >&5
configure:4305: $? = 0
configure:4308: test -z 			 || test ! -s conftest.err
configure:4311: $? = 0
configure:4314: test -s conftest.o
configure:4317: $? = 0
configure:4328: result: yes
configure:4283: checking for sys/stat.h
configure:4299: gcc -c -gstabs+  conftest.c >&5
configure:4305: $? = 0
configure:4308: test -z 			 || test ! -s conftest.err
configure:4311: $? = 0
configure:4314: test -s conftest.o
configure:4317: $? = 0
configure:4328: result: yes
configure:4283: checking for stdlib.h
configure:4299: gcc -c -gstabs+  conftest.c >&5
configure:4305: $? = 0
configure:4308: test -z 			 || test ! -s conftest.err
configure:4311: $? = 0
configure:4314: test -s conftest.o
configure:4317: $? = 0
configure:4328: result: yes
configure:4283: checking for string.h
configure:4299: gcc -c -gstabs+  conftest.c >&5
configure:4305: $? = 0
configure:4308: test -z 			 || test ! -s conftest.err
configure:4311: $? = 0
configure:4314: test -s conftest.o
configure:4317: $? = 0
configure:4328: result: yes
configure:4283: checking for memory.h
configure:4299: gcc -c -gstabs+  conftest.c >&5
configure:4305: $? = 0
configure:4308: test -z 			 || test ! -s conftest.err
configure:4311: $? = 0
configure:4314: test -s conftest.o
configure:4317: $? = 0
configure:4328: result: yes
configure:4283: checking for strings.h
configure:4299: gcc -c -gstabs+  conftest.c >&5
configure:4305: $? = 0
configure:4308: test -z 			 || test ! -s conftest.err
configure:4311: $? = 0
configure:4314: test -s conftest.o
configure:4317: $? = 0
configure:4328: result: yes
configure:4283: checking for inttypes.h
configure:4299: gcc -c -gstabs+  conftest.c >&5
configure:4305: $? = 0
configure:4308: test -z 			 || test ! -s conftest.err
configure:4311: $? = 0
configure:4314: test -s conftest.o
configure:4317: $? = 0
configure:4328: result: yes
configure:4283: checking for stdint.h
configure:4299: gcc -c -gstabs+  conftest.c >&5
configure:4305: $? = 0
configure:4308: test -z 			 || test ! -s conftest.err
configure:4311: $? = 0
configure:4314: test -s conftest.o
configure:4317: $? = 0
configure:4328: result: yes
configure:4283: checking for unistd.h
configure:4299: gcc -c -gstabs+  conftest.c >&5
configure:4305: $? = 0
configure:4308: test -z 			 || test ! -s conftest.err
configure:4311: $? = 0
configure:4314: test -s conftest.o
configure:4317: $? = 0
configure:4328: result: yes
configure:4354: checking dlfcn.h usability
configure:4366: gcc -c -gstabs+  conftest.c >&5
configure:4372: $? = 0
configure:4375: test -z 			 || test ! -s conftest.err
configure:4378: $? = 0
configure:4381: test -s conftest.o
configure:4384: $? = 0
configure:4394: result: yes
configure:4398: checking dlfcn.h presence
configure:4408: gcc -E  conftest.c
configure:4414: $? = 0
configure:4434: result: yes
configure:4469: checking for dlfcn.h
configure:4476: result: yes
configure:4494: checking how to run the C++ preprocessor
configure:4525: g++ -E  conftest.cc
configure:4531: $? = 0
configure:4563: g++ -E  conftest.cc
conftest.cc:23:28: error: ac_nonexistent.h: No such file or directory
configure:4569: $? = 1
configure: failed program was:
| /* confdefs.h.  */
| 
| #define PACKAGE_NAME ""
| #define PACKAGE_TARNAME ""
| #define PACKAGE_VERSION ""
| #define PACKAGE_STRING ""
| #define PACKAGE_BUGREPORT ""
| #ifdef __cplusplus
| extern "C" void std::exit (int) throw (); using std::exit;
| #endif
| #define STDC_HEADERS 1
| #define HAVE_SYS_TYPES_H 1
| #define HAVE_SYS_STAT_H 1
| #define HAVE_STDLIB_H 1
| #define HAVE_STRING_H 1
| #define HAVE_MEMORY_H 1
| #define HAVE_STRINGS_H 1
| #define HAVE_INTTYPES_H 1
| #define HAVE_STDINT_H 1
| #define HAVE_UNISTD_H 1
| #define HAVE_DLFCN_H 1
| /* end confdefs.h.  */
| #include <ac_nonexistent.h>
configure:4608: result: g++ -E
configure:4632: g++ -E  conftest.cc
configure:4638: $? = 0
configure:4670: g++ -E  conftest.cc
conftest.cc:23:28: error: ac_nonexistent.h: No such file or directory
configure:4676: $? = 1
configure: failed program was:
| /* confdefs.h.  */
| 
| #define PACKAGE_NAME ""
| #define PACKAGE_TARNAME ""
| #define PACKAGE_VERSION ""
| #define PACKAGE_STRING ""
| #define PACKAGE_BUGREPORT ""
| #ifdef __cplusplus
| extern "C" void std::exit (int) throw (); using std::exit;
| #endif
| #define STDC_HEADERS 1
| #define HAVE_SYS_TYPES_H 1
| #define HAVE_SYS_STAT_H 1
| #define HAVE_STDLIB_H 1
| #define HAVE_STRING_H 1
| #define HAVE_MEMORY_H 1
| #define HAVE_STRINGS_H 1
| #define HAVE_INTTYPES_H 1
| #define HAVE_STDINT_H 1
| #define HAVE_UNISTD_H 1
| #define HAVE_DLFCN_H 1
| /* end confdefs.h.  */
| #include <ac_nonexistent.h>
configure:4771: checking for g77
configure:4800: result: no
configure:4771: checking for f77
configure:4800: result: no
configure:4771: checking for xlf
configure:4800: result: no
configure:4771: checking for frt
configure:4800: result: no
configure:4771: checking for pgf77
configure:4800: result: no
configure:4771: checking for fort77
configure:4800: result: no
configure:4771: checking for fl32
configure:4800: result: no
configure:4771: checking for af77
configure:4800: result: no
configure:4771: checking for f90
configure:4800: result: no
configure:4771: checking for xlf90
configure:4800: result: no
configure:4771: checking for pgf90
configure:4800: result: no
configure:4771: checking for epcf90
configure:4800: result: no
configure:4771: checking for f95
configure:4800: result: no
configure:4771: checking for fort
configure:4800: result: no
configure:4771: checking for xlf95
configure:4800: result: no
configure:4771: checking for ifc
configure:4800: result: no
configure:4771: checking for efc
configure:4800: result: no
configure:4771: checking for pgf95
configure:4800: result: no
configure:4771: checking for lf95
configure:4800: result: no
configure:4771: checking for gfortran
configure:4800: result: no
configure:4812: checking for Fortran 77 compiler version
configure:4815:  --version </dev/null >&5
./configure: line 4816: --version: command not found
configure:4818: $? = 127
configure:4820:  -v </dev/null >&5
./configure: line 4821: -v: command not found
configure:4823: $? = 127
configure:4825:  -V </dev/null >&5
./configure: line 4826: -V: command not found
configure:4828: $? = 127
configure:4836: checking whether we are using the GNU Fortran 77 compiler
configure:4850:  -c  conftest.F >&5
./configure: line 4851: -c: command not found
configure:4856: $? = 127
configure: failed program was:
|       program main
| #ifndef __GNUC__
|        choke me
| #endif
| 
|       end
configure:4881: result: no
configure:4887: checking whether  accepts -g
configure:4899:  -c -g conftest.f >&5
./configure: line 4900: -c: command not found
configure:4905: $? = 127
configure: failed program was:
|       program main
| 
|       end
configure:4929: result: no
configure:4959: checking the maximum length of command line arguments
configure:5024: result: 32768
configure:5035: checking command to parse /usr/bin/nm -B output from gcc object
configure:5124: gcc -c -gstabs+  conftest.c >&5
configure:5127: $? = 0
configure:5131: /usr/bin/nm -B conftest.o \| sed -n -e 's/^.*[ 	]\([ABCDGIRSTW][ABCDGIRSTW]*\)[ 	][ 	]*\(\)\([_A-Za-z][_A-Za-z0-9]*\)$/\1 \2\3 \3/p' \> conftest.nm
configure:5134: $? = 0
configure:5186: gcc -o conftest -gstabs+   conftest.c conftstm.o >&5
configure:5189: $? = 0
configure:5227: result: ok
configure:5231: checking for objdir
configure:5246: result: .libs
configure:5336: checking for ar
configure:5352: found /usr/bin/ar
configure:5363: result: ar
configure:5416: checking for ranlib
configure:5432: found /usr/bin/ranlib
configure:5443: result: ranlib
configure:5496: checking for strip
configure:5512: found /usr/bin/strip
configure:5523: result: strip
configure:5785: checking if gcc static flag  works
configure:5808: result: yes
configure:5826: checking if gcc supports -fno-rtti -fno-exceptions
configure:5844: gcc -c -gstabs+  -fno-rtti -fno-exceptions conftest.c >&5
cc1: warning: command line option "-fno-rtti" is valid for C++/ObjC++ but not for C
configure:5848: $? = 0
configure:5859: result: no
configure:5874: checking for gcc option to produce PIC
configure:6051: result: -fPIC
configure:6059: checking if gcc PIC flag -fPIC works
configure:6077: gcc -c -gstabs+  -fPIC -DPIC conftest.c >&5
configure:6081: $? = 0
configure:6092: result: yes
configure:6116: checking if gcc supports -c -o file.o
configure:6137: gcc -c -gstabs+  -o out/conftest2.o conftest.c >&5
configure:6141: $? = 0
configure:6161: result: yes
configure:6187: checking whether the gcc linker (/usr/bin/ld) supports shared libraries
configure:7034: result: yes
configure:7060: checking whether -lc should be explicitly linked in
configure:7065: gcc -c -gstabs+  conftest.c >&5
configure:7068: $? = 0
configure:7082: gcc -shared conftest.o  -v -Wl,-soname -Wl,conftest -o conftest 2\>\&1 \| grep  -lc  \>/dev/null 2\>\&1
configure:7085: $? = 0
configure:7097: result: no
configure:7105: checking dynamic linker characteristics
configure:7657: result: GNU/Linux ld.so
configure:7661: checking how to hardcode library paths into programs
configure:7686: result: immediate
configure:7700: checking whether stripping libraries is possible
configure:7705: result: yes
configure:7830: checking for shl_load
configure:7887: gcc -o conftest -gstabs+   conftest.c  >&5
/tmp/ccQTAMFB.o: In function `main':/home/coredumped/Projects/X-VR2/drivers/xvr2db/pgsql/conftest.c:63: undefined reference to `shl_load'
:/home/coredumped/Projects/X-VR2/drivers/xvr2db/pgsql/conftest.c:62: undefined reference to `shl_load'
collect2: ld returned 1 exit status
configure:7893: $? = 1
configure: failed program was:
| /* confdefs.h.  */
| 
| #define PACKAGE_NAME ""
| #define PACKAGE_TARNAME ""
| #define PACKAGE_VERSION ""
| #define PACKAGE_STRING ""
| #define PACKAGE_BUGREPORT ""
| #ifdef __cplusplus
| extern "C" void std::exit (int) throw (); using std::exit;
| #endif
| #define STDC_HEADERS 1
| #define HAVE_SYS_TYPES_H 1
| #define HAVE_SYS_STAT_H 1
| #define HAVE_STDLIB_H 1
| #define HAVE_STRING_H 1
| #define HAVE_MEMORY_H 1
| #define HAVE_STRINGS_H 1
| #define HAVE_INTTYPES_H 1
| #define HAVE_STDINT_H 1
| #define HAVE_UNISTD_H 1
| #define HAVE_DLFCN_H 1
| /* end confdefs.h.  */
| /* Define shl_load to an innocuous variant, in case <limits.h> declares shl_load.
|    For example, HP-UX 11i <limits.h> declares gettimeofday.  */
| #define shl_load innocuous_shl_load
| 
| /* System header to define __stub macros and hopefully few prototypes,
|     which can conflict with char shl_load (); below.
|     Prefer <limits.h> to <assert.h> if __STDC__ is defined, since
|     <limits.h> exists even on freestanding compilers.  */
| 
| #ifdef __STDC__
| # include <limits.h>
| #else
| # include <assert.h>
| #endif
| 
| #undef shl_load
| 
| /* Override any gcc2 internal prototype to avoid an error.  */
| #ifdef __cplusplus
| extern "C"
| {
| #endif
| /* We use char because int might match the return type of a gcc2
|    builtin and then its argument prototype would still apply.  */
| char shl_load ();
| /* The GNU C library defines this for functions which it implements
|     to always fail with ENOSYS.  Some functions are actually named
|     something starting with __ and the normal name is an alias.  */
| #if defined (__stub_shl_load) || defined (__stub___shl_load)
| choke me
| #else
| char (*f) () = shl_load;
| #endif
| #ifdef __cplusplus
| }
| #endif
| 
| int
| main ()
| {
| return f != shl_load;
|   ;
|   return 0;
| }
configure:7917: result: no
configure:7922: checking for shl_load in -ldld
configure:7952: gcc -o conftest -gstabs+   conftest.c -ldld   >&5
/usr/bin/ld: cannot find -ldld
collect2: ld returned 1 exit status
configure:7958: $? = 1
configure: failed program was:
| /* confdefs.h.  */
| 
| #define PACKAGE_NAME ""
| #define PACKAGE_TARNAME ""
| #define PACKAGE_VERSION ""
| #define PACKAGE_STRING ""
| #define PACKAGE_BUGREPORT ""
| #ifdef __cplusplus
| extern "C" void std::exit (int) throw (); using std::exit;
| #endif
| #define STDC_HEADERS 1
| #define HAVE_SYS_TYPES_H 1
| #define HAVE_SYS_STAT_H 1
| #define HAVE_STDLIB_H 1
| #define HAVE_STRING_H 1
| #define HAVE_MEMORY_H 1
| #define HAVE_STRINGS_H 1
| #define HAVE_INTTYPES_H 1
| #define HAVE_STDINT_H 1
| #define HAVE_UNISTD_H 1
| #define HAVE_DLFCN_H 1
| /* end confdefs.h.  */
| 
| /* Override any gcc2 internal prototype to avoid an error.  */
| #ifdef __cplusplus
| extern "C"
| #endif
| /* We use char because int might match the return type of a gcc2
|    builtin and then its argument prototype would still apply.  */
| char shl_load ();
| int
| main ()
| {
| shl_load ();
|   ;
|   return 0;
| }
configure:7983: result: no
configure:7988: checking for dlopen
configure:8045: gcc -o conftest -gstabs+   conftest.c  >&5
/tmp/ccqA89tO.o: In function `main':/home/coredumped/Projects/X-VR2/drivers/xvr2db/pgsql/conftest.c:63: undefined reference to `dlopen'
:/home/coredumped/Projects/X-VR2/drivers/xvr2db/pgsql/conftest.c:62: undefined reference to `dlopen'
collect2: ld returned 1 exit status
configure:8051: $? = 1
configure: failed program was:
| /* confdefs.h.  */
| 
| #define PACKAGE_NAME ""
| #define PACKAGE_TARNAME ""
| #define PACKAGE_VERSION ""
| #define PACKAGE_STRING ""
| #define PACKAGE_BUGREPORT ""
| #ifdef __cplusplus
| extern "C" void std::exit (int) throw (); using std::exit;
| #endif
| #define STDC_HEADERS 1
| #define HAVE_SYS_TYPES_H 1
| #define HAVE_SYS_STAT_H 1
| #define HAVE_STDLIB_H 1
| #define HAVE_STRING_H 1
| #define HAVE_MEMORY_H 1
| #define HAVE_STRINGS_H 1
| #define HAVE_INTTYPES_H 1
| #define HAVE_STDINT_H 1
| #define HAVE_UNISTD_H 1
| #define HAVE_DLFCN_H 1
| /* end confdefs.h.  */
| /* Define dlopen to an innocuous variant, in case <limits.h> declares dlopen.
|    For example, HP-UX 11i <limits.h> declares gettimeofday.  */
| #define dlopen innocuous_dlopen
| 
| /* System header to define __stub macros and hopefully few prototypes,
|     which can conflict with char dlopen (); below.
|     Prefer <limits.h> to <assert.h> if __STDC__ is defined, since
|     <limits.h> exists even on freestanding compilers.  */
| 
| #ifdef __STDC__
| # include <limits.h>
| #else
| # include <assert.h>
| #endif
| 
| #undef dlopen
| 
| /* Override any gcc2 internal prototype to avoid an error.  */
| #ifdef __cplusplus
| extern "C"
| {
| #endif
| /* We use char because int might match the return type of a gcc2
|    builtin and then its argument prototype would still apply.  */
| char dlopen ();
| /* The GNU C library defines this for functions which it implements
|     to always fail with ENOSYS.  Some functions are actually named
|     something starting with __ and the normal name is an alias.  */
| #if defined (__stub_dlopen) || defined (__stub___dlopen)
| choke me
| #else
| char (*f) () = dlopen;
| #endif
| #ifdef __cplusplus
| }
| #endif
| 
| int
| main ()
| {
| return f != dlopen;
|   ;
|   return 0;
| }
configure:8075: result: no
configure:8080: checking for dlopen in -ldl
configure:8110: gcc -o conftest -gstabs+   conftest.c -ldl   >&5
configure:8116: $? = 0
configure:8119: test -z 			 || test ! -s conftest.err
configure:8122: $? = 0
configure:8125: test -s conftest
configure:8128: $? = 0
configure:8141: result: yes
configure:8314: checking whether a program can dlopen itself
configure:8386: gcc -o conftest -gstabs+  -DHAVE_DLFCN_H  -Wl,--export-dynamic conftest.c -ldl  >&5
configure: In function 'main':
configure:8382: warning: incompatible implicit declaration of built-in function 'exit'
configure:8389: $? = 0
configure:8407: result: yes
configure:8412: checking whether a statically linked program can dlopen itself
configure:8484: gcc -o conftest -gstabs+  -DHAVE_DLFCN_H  -Wl,--export-dynamic  conftest.c -ldl  >&5
configure: In function 'main':
configure:8480: warning: incompatible implicit declaration of built-in function 'exit'
configure:8487: $? = 0
configure:8505: result: yes
configure:8528: checking if libtool supports shared libraries
configure:8530: result: yes
configure:8533: checking whether to build shared libraries
configure:8591: result: yes
configure:8594: checking whether to build static libraries
configure:8598: result: yes
configure:8690: creating libtool
configure:9237: checking for ld used by g++
configure:9304: result: /usr/bin/ld
configure:9313: checking if the linker (/usr/bin/ld) is GNU ld
configure:9328: result: yes
configure:9379: checking whether the g++ linker (/usr/bin/ld) supports shared libraries
configure:10205: result: yes
configure:10223: g++ -c -gstabs+  conftest.cc >&5
configure:10226: $? = 0
configure:10322: checking for g++ option to produce PIC
configure:10574: result: -fPIC
configure:10582: checking if g++ PIC flag -fPIC works
configure:10600: g++ -c -gstabs+  -fPIC -DPIC conftest.cc >&5
configure:10604: $? = 0
configure:10615: result: yes
configure:10639: checking if g++ supports -c -o file.o
configure:10660: g++ -c -gstabs+  -o out/conftest2.o conftest.cc >&5
configure:10664: $? = 0
configure:10684: result: yes
configure:10710: checking whether the g++ linker (/usr/bin/ld) supports shared libraries
configure:10738: result: yes
configure:10809: checking dynamic linker characteristics
configure:11361: result: GNU/Linux ld.so
configure:11365: checking how to hardcode library paths into programs
configure:11390: result: immediate
configure:11404: checking whether stripping libraries is possible
configure:11409: result: yes
configure:11534: checking for shl_load
configure:11621: result: no
configure:11626: checking for shl_load in -ldld
configure:11687: result: no
configure:11692: checking for dlopen
configure:11779: result: no
configure:11784: checking for dlopen in -ldl
configure:11845: result: yes
configure:12018: checking whether a program can dlopen itself
configure:12111: result: yes
configure:12116: checking whether a statically linked program can dlopen itself
configure:12209: result: yes
configure:18665: checking for a BSD-compatible install
configure:18720: result: /usr/bin/install -c
configure:18818: checking for pkg-config
configure:18836: found /usr/bin/pkg-config
configure:18848: result: /usr/bin/pkg-config
configure:18863: checking pkg-config is at least version 0.9.0
configure:18866: result: yes
configure:18877: checking for DEPS
configure:18882: $PKG_CONFIG --exists --print-errors "xvr2core >= $xvr2core_required_version  xvr2util >= $xvr2util_required_version xvr2db >= $xvr2db_required_version"
configure:18885: $? = 0
configure:18896: $PKG_CONFIG --exists --print-errors "xvr2core >= $xvr2core_required_version  xvr2util >= $xvr2util_required_version xvr2db >= $xvr2db_required_version"
configure:18899: $? = 0
configure:18924: result: yes
configure:18927: result: *** xvr2core, xvr2util and xvr2db found
configure:19044: creating ./config.status

## ---------------------- ##
## Running config.status. ##
## ---------------------- ##

This file was extended by config.status, which was
generated by GNU Autoconf 2.59.  Invocation command line was

  CONFIG_FILES    = 
  CONFIG_HEADERS  = 
  CONFIG_LINKS    = 
  CONFIG_COMMANDS = 
  $ ./config.status 

on coredumped

config.status:741: creating Makefile
config.status:807: creating config.h
config.status:911: config.h is unchanged
config.status:1069: executing default-1 commands

## ---------------- ##
## Cache variables. ##
## ---------------- ##

ac_cv_build=i686-pc-linux-gnu
ac_cv_build_alias=i686-pc-linux-gnu
ac_cv_c_compiler_gnu=yes
ac_cv_cxx_compiler_gnu=yes
ac_cv_env_CC_set=
ac_cv_env_CC_value=
ac_cv_env_CFLAGS_set=set
ac_cv_env_CFLAGS_value=-gstabs+
ac_cv_env_CPPFLAGS_set=
ac_cv_env_CPPFLAGS_value=
ac_cv_env_CPP_set=
ac_cv_env_CPP_value=
ac_cv_env_CXXCPP_set=
ac_cv_env_CXXCPP_value=
ac_cv_env_CXXFLAGS_set=set
ac_cv_env_CXXFLAGS_value=-gstabs+
ac_cv_env_CXX_set=
ac_cv_env_CXX_value=
ac_cv_env_DEPS_CFLAGS_set=
ac_cv_env_DEPS_CFLAGS_value=
ac_cv_env_DEPS_LIBS_set=
ac_cv_env_DEPS_LIBS_value=
ac_cv_env_F77_set=
ac_cv_env_F77_value=
ac_cv_env_FFLAGS_set=
ac_cv_env_FFLAGS_value=
ac_cv_env_LDFLAGS_set=
ac_cv_env_LDFLAGS_value=
ac_cv_env_PKG_CONFIG_set=
ac_cv_env_PKG_CONFIG_value=
ac_cv_env_build_alias_set=
ac_cv_env_build_alias_value=
ac_cv_env_host_alias_set=
ac_cv_env_host_alias_value=
ac_cv_env_target_alias_set=
ac_cv_env_target_alias_value=
ac_cv_exeext=
ac_cv_f77_compiler_gnu=no
ac_cv_func_dlopen=no
ac_cv_func_shl_load=no
ac_cv_header_dlfcn_h=yes
ac_cv_header_inttypes_h=yes
ac_cv_header_memory_h=yes
ac_cv_header_stdc=yes
ac_cv_header_stdint_h=yes
ac_cv_header_stdlib_h=yes
ac_cv_header_string_h=yes
ac_cv_header_strings_h=yes
ac_cv_header_sys_stat_h=yes
ac_cv_header_sys_types_h=yes
ac_cv_header_unistd_h=yes
ac_cv_host=i686-pc-linux-gnu
ac_cv_host_alias=i686-pc-linux-gnu
ac_cv_lib_dl_dlopen=yes
ac_cv_lib_dld_shl_load=no
ac_cv_objext=o
ac_cv_path_ac_pt_PKG_CONFIG=/usr/bin/pkg-config
ac_cv_path_install='/usr/bin/install -c'
ac_cv_prog_CPP='gcc -E'
ac_cv_prog_CXXCPP='g++ -E'
ac_cv_prog_ac_ct_AR=ar
ac_cv_prog_ac_ct_CC=gcc
ac_cv_prog_ac_ct_CXX=g++
ac_cv_prog_ac_ct_RANLIB=ranlib
ac_cv_prog_ac_ct_STRIP=strip
ac_cv_prog_cc_g=yes
ac_cv_prog_cc_stdc=
ac_cv_prog_cxx_g=yes
ac_cv_prog_egrep='grep -E'
ac_cv_prog_f77_g=no
ac_cv_prog_make_make_set=yes
lt_cv_deplibs_check_method=pass_all
lt_cv_dlopen=dlopen
lt_cv_dlopen_libs=-ldl
lt_cv_dlopen_self=yes
lt_cv_dlopen_self_static=yes
lt_cv_file_magic_cmd='$MAGIC_CMD'
lt_cv_file_magic_test_file=
lt_cv_ld_reload_flag=-r
lt_cv_objdir=.libs
lt_cv_path_LD=/usr/bin/ld
lt_cv_path_LDCXX=/usr/bin/ld
lt_cv_path_NM='/usr/bin/nm -B'
lt_cv_path_SED=/bin/sed
lt_cv_prog_compiler_c_o=yes
lt_cv_prog_compiler_c_o_CXX=yes
lt_cv_prog_compiler_rtti_exceptions=no
lt_cv_prog_gnu_ld=yes
lt_cv_prog_gnu_ldcxx=yes
lt_cv_sys_global_symbol_pipe='sed -n -e '\''s/^.*[ 	]\([ABCDGIRSTW][ABCDGIRSTW]*\)[ 	][ 	]*\(\)\([_A-Za-z][_A-Za-z0-9]*\)$/\1 \2\3 \3/p'\'''
lt_cv_sys_global_symbol_to_c_name_address='sed -n -e '\''s/^: \([^ ]*\) $/  {\"\1\", (lt_ptr) 0},/p'\'' -e '\''s/^[BCDEGRST] \([^ ]*\) \([^ ]*\)$/  {"\2", (lt_ptr) \&\2},/p'\'''
lt_cv_sys_global_symbol_to_cdecl='sed -n -e '\''s/^. .* \(.*\)$/extern int \1;/p'\'''
lt_cv_sys_max_cmd_len=32768
lt_lt_cv_prog_compiler_c_o='"yes"'
lt_lt_cv_prog_compiler_c_o_CXX='"yes"'
lt_lt_cv_sys_global_symbol_pipe='"sed -n -e '\''s/^.*[ 	]\\([ABCDGIRSTW][ABCDGIRSTW]*\\)[ 	][ 	]*\\(\\)\\([_A-Za-z][_A-Za-z0-9]*\\)\$/\\1 \\2\\3 \\3/p'\''"'
lt_lt_cv_sys_global_symbol_to_c_name_address='"sed -n -e '\''s/^: \\([^ ]*\\) \$/  {\\\"\\1\\\", (lt_ptr) 0},/p'\'' -e '\''s/^[BCDEGRST] \\([^ ]*\\) \\([^ ]*\\)\$/  {\"\\2\", (lt_ptr) \\&\\2},/p'\''"'
lt_lt_cv_sys_global_symbol_to_cdecl='"sed -n -e '\''s/^. .* \\(.*\\)\$/extern int \\1;/p'\''"'
pkg_cv_DEPS_CFLAGS='-I/usr/local/include/xvr2 -I/usr/local/lib/xvr2/include  '
pkg_cv_DEPS_LIBS='-L/usr/local/lib -lxvr2util-0.7.1.0 -lxvr2db-0.7.1.0 -lxvr2core-0.7.1.0  '

## ----------------- ##
## Output variables. ##
## ----------------- ##

ACLOCAL='aclocal-1.4'
AR='ar'
AUTOCONF='autoconf'
AUTOHEADER='autoheader'
AUTOMAKE='automake-1.4'
CC='gcc'
CFLAGS='-gstabs+'
CPP='gcc -E'
CPPFLAGS=' -I/usr/local/include/xvr2 -I/usr/local/lib/xvr2/include   -I /usr/include/postgresql -DDRV_VERSION=0 -DDRV_REVISION=2'
CXX='g++'
CXXCPP='g++ -E'
CXXFLAGS='-gstabs+'
DEFS='-DHAVE_CONFIG_H'
DEPS_CFLAGS='-I/usr/local/include/xvr2 -I/usr/local/lib/xvr2/include  '
DEPS_LIBS='-L/usr/local/lib -lxvr2util-0.7.1.0 -lxvr2db-0.7.1.0 -lxvr2core-0.7.1.0  '
ECHO='echo'
ECHO_C=''
ECHO_N='-n'
ECHO_T=''
EGREP='grep -E'
EXEEXT=''
F77=''
FFLAGS=''
GENERIC_API_VERSION='0.7.1'
GENERIC_LIBRARY_NAME='pgsql_driver'
GENERIC_LIBRARY_VERSION='0:7:0'
GENERIC_RELEASE='0.7.1'
GENERIC_VERSION='0.7.1.0'
INSTALL_DATA='${INSTALL} -m 644'
INSTALL_PROGRAM='${INSTALL}'
INSTALL_SCRIPT='${INSTALL}'
LDFLAGS=''
LIBOBJS=''
LIBS=' -L/usr/local/lib -lxvr2util-0.7.1.0 -lxvr2db-0.7.1.0 -lxvr2core-0.7.1.0   -L /usr/lib -lpq'
LIBTOOL='$(SHELL) $(top_builddir)/libtool'
LN_S='ln -s'
LTLIBOBJS=''
MAKEINFO='/home/coredumped/Projects/X-VR2/drivers/xvr2db/pgsql/missing makeinfo'
OBJEXT='o'
PACKAGE='pgsql_driver'
PACKAGE_BUGREPORT=''
PACKAGE_NAME=''
PACKAGE_STRING=''
PACKAGE_TARNAME=''
PACKAGE_VERSION=''
PATH_SEPARATOR=':'
PKG_CONFIG='/usr/bin/pkg-config'
RANLIB='ranlib'
SET_MAKE=''
SHELL='/bin/sh'
STRIP='strip'
VERSION='0.7.1.0'
ac_ct_AR='ar'
ac_ct_CC='gcc'
ac_ct_CXX='g++'
ac_ct_F77=''
ac_ct_RANLIB='ranlib'
ac_ct_STRIP='strip'
ac_pt_PKG_CONFIG='/usr/bin/pkg-config'
bindir='${exec_prefix}/bin'
build='i686-pc-linux-gnu'
build_alias=''
build_cpu='i686'
build_os='linux-gnu'
build_vendor='pc'
datadir='${prefix}/share'
exec_prefix='${prefix}'
host='i686-pc-linux-gnu'
host_alias=''
host_cpu='i686'
host_os='linux-gnu'
host_vendor='pc'
includedir='${prefix}/include'
infodir='${prefix}/info'
libdir='${exec_prefix}/lib'
libexecdir='${exec_prefix}/libexec'
localstatedir='${prefix}/var'
mandir='${prefix}/man'
oldincludedir='/usr/include'
prefix='/usr/local'
program_transform_name='s,x,x,'
sbindir='${exec_prefix}/sbin'
sharedstatedir='${prefix}/com'
sysconfdir='${prefix}/etc'
target_alias=''

## ----------- ##
## confdefs.h. ##
## ----------- ##

#define HAVE_DLFCN_H 1
#define HAVE_INTTYPES_H 1
#define HAVE_MEMORY_H 1
#define HAVE_STDINT_H 1
#define HAVE_STDLIB_H 1
#define HAVE_STRINGS_H 1
#define HAVE_STRING_H 1
#define HAVE_SYS_STAT_H 1
#define HAVE_SYS_TYPES_H 1
#define HAVE_UNISTD_H 1
#define PACKAGE_BUGREPORT ""
#define PACKAGE_NAME ""
#define PACKAGE_STRING ""
#define PACKAGE_TARNAME ""
#define PACKAGE_VERSION ""
#define STDC_HEADERS 1
#endif
#ifdef __cplusplus
extern "C" void std::exit (int) throw (); using std::exit;

configure: exit 0
